<?xml version="1.0" encoding="UTF-8"?>
<testng-results ignored="0" total="15" passed="15" failed="0" skipped="0">
  <reporter-output>
  </reporter-output>
  <suite started-at="2020-11-30T18:23:18 IST" name="Default suite" finished-at="2020-11-30T18:29:12 IST" duration-ms="354561">
    <groups>
    </groups>
    <test started-at="2020-11-30T18:23:18 IST" name="Default test" finished-at="2020-11-30T18:29:12 IST" duration-ms="354561">
      <class name="datadriven.FreeCRM">
        <test-method is-config="true" signature="setup()[pri:0, instance:datadriven.FreeCRM@75329a49]" started-at="2020-11-30T18:23:19 IST" name="setup" finished-at="2020-11-30T18:23:22 IST" duration-ms="3474" status="PASS">
          <reporter-output>
          </reporter-output>
        </test-method> <!-- setup -->
        <test-method signature="contactFail(java.lang.String, java.lang.String)[pri:0, instance:datadriven.FreeCRM@75329a49]" started-at="2020-11-30T18:23:22 IST" name="contactFail" data-provider="userN" finished-at="2020-11-30T18:23:44 IST" duration-ms="21751" status="PASS">
          <params>
            <param index="0">
              <value>
                <![CDATA[Dhatri]]>
              </value>
            </param>
            <param index="1">
              <value>
                <![CDATA[null]]>
              </value>
            </param>
          </params>
          <reporter-output>
          </reporter-output>
        </test-method> <!-- contactFail -->
        <test-method is-config="true" signature="teardown()[pri:0, instance:datadriven.FreeCRM@75329a49]" started-at="2020-11-30T18:23:44 IST" name="teardown" finished-at="2020-11-30T18:23:44 IST" duration-ms="71" status="PASS">
          <reporter-output>
          </reporter-output>
        </test-method> <!-- teardown -->
        <test-method is-config="true" signature="setup()[pri:0, instance:datadriven.FreeCRM@75329a49]" started-at="2020-11-30T18:23:44 IST" name="setup" finished-at="2020-11-30T18:23:47 IST" duration-ms="3103" status="PASS">
          <reporter-output>
          </reporter-output>
        </test-method> <!-- setup -->
        <test-method signature="contactFail(java.lang.String, java.lang.String)[pri:0, instance:datadriven.FreeCRM@75329a49]" started-at="2020-11-30T18:23:47 IST" name="contactFail" data-provider="userN" finished-at="2020-11-30T18:24:09 IST" duration-ms="22084" status="PASS">
          <params>
            <param index="0">
              <value>
                <![CDATA[null]]>
              </value>
            </param>
            <param index="1">
              <value>
                <![CDATA[Rokkam]]>
              </value>
            </param>
          </params>
          <reporter-output>
          </reporter-output>
        </test-method> <!-- contactFail -->
        <test-method is-config="true" signature="teardown()[pri:0, instance:datadriven.FreeCRM@75329a49]" started-at="2020-11-30T18:24:09 IST" name="teardown" finished-at="2020-11-30T18:24:09 IST" duration-ms="47" status="PASS">
          <reporter-output>
          </reporter-output>
        </test-method> <!-- teardown -->
        <test-method is-config="true" signature="setup()[pri:0, instance:datadriven.FreeCRM@75329a49]" started-at="2020-11-30T18:24:09 IST" name="setup" finished-at="2020-11-30T18:24:12 IST" duration-ms="3038" status="PASS">
          <reporter-output>
          </reporter-output>
        </test-method> <!-- setup -->
        <test-method signature="contactFail(java.lang.String, java.lang.String)[pri:0, instance:datadriven.FreeCRM@75329a49]" started-at="2020-11-30T18:24:12 IST" name="contactFail" data-provider="userN" finished-at="2020-11-30T18:24:33 IST" duration-ms="21140" status="PASS">
          <params>
            <param index="0">
              <value>
                <![CDATA[null]]>
              </value>
            </param>
            <param index="1">
              <value>
                <![CDATA[null]]>
              </value>
            </param>
          </params>
          <reporter-output>
          </reporter-output>
        </test-method> <!-- contactFail -->
        <test-method is-config="true" signature="teardown()[pri:0, instance:datadriven.FreeCRM@75329a49]" started-at="2020-11-30T18:24:33 IST" name="teardown" finished-at="2020-11-30T18:24:33 IST" duration-ms="60" status="PASS">
          <reporter-output>
          </reporter-output>
        </test-method> <!-- teardown -->
        <test-method is-config="true" signature="setup()[pri:0, instance:datadriven.FreeCRM@75329a49]" started-at="2020-11-30T18:24:33 IST" name="setup" finished-at="2020-11-30T18:24:36 IST" duration-ms="3023" status="PASS">
          <reporter-output>
          </reporter-output>
        </test-method> <!-- setup -->
        <test-method signature="loginFun(java.lang.String, java.lang.String)[pri:0, instance:datadriven.FreeCRM@75329a49]" started-at="2020-11-30T18:24:36 IST" name="loginFun" data-provider="user" finished-at="2020-11-30T18:24:54 IST" duration-ms="17884" status="PASS">
          <params>
            <param index="0">
              <value>
                <![CDATA[rokkam@gmail.com ]]>
              </value>
            </param>
            <param index="1">
              <value>
                <![CDATA[Dhatri@2]]>
              </value>
            </param>
          </params>
          <reporter-output>
          </reporter-output>
        </test-method> <!-- loginFun -->
        <test-method is-config="true" signature="teardown()[pri:0, instance:datadriven.FreeCRM@75329a49]" started-at="2020-11-30T18:24:54 IST" name="teardown" finished-at="2020-11-30T18:24:54 IST" duration-ms="63" status="PASS">
          <reporter-output>
          </reporter-output>
        </test-method> <!-- teardown -->
        <test-method is-config="true" signature="setup()[pri:0, instance:datadriven.FreeCRM@75329a49]" started-at="2020-11-30T18:24:54 IST" name="setup" finished-at="2020-11-30T18:24:57 IST" duration-ms="3029" status="PASS">
          <reporter-output>
          </reporter-output>
        </test-method> <!-- setup -->
        <test-method signature="loginFun(java.lang.String, java.lang.String)[pri:0, instance:datadriven.FreeCRM@75329a49]" started-at="2020-11-30T18:24:57 IST" name="loginFun" data-provider="user" finished-at="2020-11-30T18:25:17 IST" duration-ms="20045" status="PASS">
          <params>
            <param index="0">
              <value>
                <![CDATA[rokkamdhatri@gmail.com]]>
              </value>
            </param>
            <param index="1">
              <value>
                <![CDATA[Dhatri@2]]>
              </value>
            </param>
          </params>
          <reporter-output>
          </reporter-output>
        </test-method> <!-- loginFun -->
        <test-method is-config="true" signature="teardown()[pri:0, instance:datadriven.FreeCRM@75329a49]" started-at="2020-11-30T18:25:17 IST" name="teardown" finished-at="2020-11-30T18:25:17 IST" duration-ms="74" status="PASS">
          <reporter-output>
          </reporter-output>
        </test-method> <!-- teardown -->
        <test-method is-config="true" signature="setup()[pri:0, instance:datadriven.FreeCRM@75329a49]" started-at="2020-11-30T18:25:17 IST" name="setup" finished-at="2020-11-30T18:25:20 IST" duration-ms="3020" status="PASS">
          <reporter-output>
          </reporter-output>
        </test-method> <!-- setup -->
        <test-method signature="loginFun(java.lang.String, java.lang.String)[pri:0, instance:datadriven.FreeCRM@75329a49]" started-at="2020-11-30T18:25:20 IST" name="loginFun" data-provider="user" finished-at="2020-11-30T18:25:44 IST" duration-ms="23208" status="PASS">
          <params>
            <param index="0">
              <value>
                <![CDATA[rokkam@gmail.com ]]>
              </value>
            </param>
            <param index="1">
              <value>
                <![CDATA[Dhatri@23]]>
              </value>
            </param>
          </params>
          <reporter-output>
          </reporter-output>
        </test-method> <!-- loginFun -->
        <test-method is-config="true" signature="teardown()[pri:0, instance:datadriven.FreeCRM@75329a49]" started-at="2020-11-30T18:25:44 IST" name="teardown" finished-at="2020-11-30T18:25:44 IST" duration-ms="63" status="PASS">
          <reporter-output>
          </reporter-output>
        </test-method> <!-- teardown -->
        <test-method is-config="true" signature="setup()[pri:0, instance:datadriven.FreeCRM@75329a49]" started-at="2020-11-30T18:25:44 IST" name="setup" finished-at="2020-11-30T18:25:47 IST" duration-ms="3028" status="PASS">
          <reporter-output>
          </reporter-output>
        </test-method> <!-- setup -->
        <test-method signature="loginFun(java.lang.String, java.lang.String)[pri:0, instance:datadriven.FreeCRM@75329a49]" started-at="2020-11-30T18:25:47 IST" name="loginFun" data-provider="user" finished-at="2020-11-30T18:26:03 IST" duration-ms="16149" status="PASS">
          <params>
            <param index="0">
              <value>
                <![CDATA[rokkamdhatri@gmail.com]]>
              </value>
            </param>
            <param index="1">
              <value>
                <![CDATA[Dhatri@23]]>
              </value>
            </param>
          </params>
          <reporter-output>
          </reporter-output>
        </test-method> <!-- loginFun -->
        <test-method is-config="true" signature="teardown()[pri:0, instance:datadriven.FreeCRM@75329a49]" started-at="2020-11-30T18:26:03 IST" name="teardown" finished-at="2020-11-30T18:26:03 IST" duration-ms="68" status="PASS">
          <reporter-output>
          </reporter-output>
        </test-method> <!-- teardown -->
        <test-method is-config="true" signature="setup()[pri:0, instance:datadriven.FreeCRM@75329a49]" started-at="2020-11-30T18:26:03 IST" name="setup" finished-at="2020-11-30T18:26:06 IST" duration-ms="3029" status="PASS">
          <reporter-output>
          </reporter-output>
        </test-method> <!-- setup -->
        <test-method signature="deals()[pri:1, instance:datadriven.FreeCRM@75329a49]" started-at="2020-11-30T18:26:06 IST" name="deals" finished-at="2020-11-30T18:26:28 IST" duration-ms="21975" status="PASS">
          <reporter-output>
          </reporter-output>
        </test-method> <!-- deals -->
        <test-method is-config="true" signature="teardown()[pri:0, instance:datadriven.FreeCRM@75329a49]" started-at="2020-11-30T18:26:28 IST" name="teardown" finished-at="2020-11-30T18:26:28 IST" duration-ms="76" status="PASS">
          <reporter-output>
          </reporter-output>
        </test-method> <!-- teardown -->
        <test-method is-config="true" signature="setup()[pri:0, instance:datadriven.FreeCRM@75329a49]" started-at="2020-11-30T18:26:28 IST" name="setup" finished-at="2020-11-30T18:26:31 IST" duration-ms="3024" status="PASS">
          <reporter-output>
          </reporter-output>
        </test-method> <!-- setup -->
        <test-method signature="dealsFail()[pri:2, instance:datadriven.FreeCRM@75329a49]" started-at="2020-11-30T18:26:31 IST" name="dealsFail" finished-at="2020-11-30T18:26:51 IST" duration-ms="20179" status="PASS">
          <reporter-output>
          </reporter-output>
        </test-method> <!-- dealsFail -->
        <test-method is-config="true" signature="teardown()[pri:0, instance:datadriven.FreeCRM@75329a49]" started-at="2020-11-30T18:26:51 IST" name="teardown" finished-at="2020-11-30T18:26:51 IST" duration-ms="68" status="PASS">
          <reporter-output>
          </reporter-output>
        </test-method> <!-- teardown -->
        <test-method is-config="true" signature="setup()[pri:0, instance:datadriven.FreeCRM@75329a49]" started-at="2020-11-30T18:26:51 IST" name="setup" finished-at="2020-11-30T18:26:54 IST" duration-ms="3054" status="PASS">
          <reporter-output>
          </reporter-output>
        </test-method> <!-- setup -->
        <test-method signature="tasks()[pri:3, instance:datadriven.FreeCRM@75329a49]" started-at="2020-11-30T18:26:54 IST" name="tasks" finished-at="2020-11-30T18:27:15 IST" duration-ms="20902" status="PASS">
          <reporter-output>
          </reporter-output>
        </test-method> <!-- tasks -->
        <test-method is-config="true" signature="teardown()[pri:0, instance:datadriven.FreeCRM@75329a49]" started-at="2020-11-30T18:27:15 IST" name="teardown" finished-at="2020-11-30T18:27:15 IST" duration-ms="113" status="PASS">
          <reporter-output>
          </reporter-output>
        </test-method> <!-- teardown -->
        <test-method is-config="true" signature="setup()[pri:0, instance:datadriven.FreeCRM@75329a49]" started-at="2020-11-30T18:27:15 IST" name="setup" finished-at="2020-11-30T18:27:18 IST" duration-ms="3006" status="PASS">
          <reporter-output>
          </reporter-output>
        </test-method> <!-- setup -->
        <test-method signature="tasksFail()[pri:4, instance:datadriven.FreeCRM@75329a49]" started-at="2020-11-30T18:27:18 IST" name="tasksFail" finished-at="2020-11-30T18:27:39 IST" duration-ms="20821" status="PASS">
          <reporter-output>
          </reporter-output>
        </test-method> <!-- tasksFail -->
        <test-method is-config="true" signature="teardown()[pri:0, instance:datadriven.FreeCRM@75329a49]" started-at="2020-11-30T18:27:39 IST" name="teardown" finished-at="2020-11-30T18:27:39 IST" duration-ms="81" status="PASS">
          <reporter-output>
          </reporter-output>
        </test-method> <!-- teardown -->
        <test-method is-config="true" signature="setup()[pri:0, instance:datadriven.FreeCRM@75329a49]" started-at="2020-11-30T18:27:39 IST" name="setup" finished-at="2020-11-30T18:27:42 IST" duration-ms="3031" status="PASS">
          <reporter-output>
          </reporter-output>
        </test-method> <!-- setup -->
        <test-method signature="company()[pri:5, instance:datadriven.FreeCRM@75329a49]" started-at="2020-11-30T18:27:42 IST" name="company" finished-at="2020-11-30T18:28:05 IST" duration-ms="22726" status="PASS">
          <reporter-output>
          </reporter-output>
        </test-method> <!-- company -->
        <test-method is-config="true" signature="teardown()[pri:0, instance:datadriven.FreeCRM@75329a49]" started-at="2020-11-30T18:28:05 IST" name="teardown" finished-at="2020-11-30T18:28:05 IST" duration-ms="79" status="PASS">
          <reporter-output>
          </reporter-output>
        </test-method> <!-- teardown -->
        <test-method is-config="true" signature="setup()[pri:0, instance:datadriven.FreeCRM@75329a49]" started-at="2020-11-30T18:28:05 IST" name="setup" finished-at="2020-11-30T18:28:08 IST" duration-ms="3027" status="PASS">
          <reporter-output>
          </reporter-output>
        </test-method> <!-- setup -->
        <test-method signature="companyFail()[pri:6, instance:datadriven.FreeCRM@75329a49]" started-at="2020-11-30T18:28:08 IST" name="companyFail" finished-at="2020-11-30T18:28:29 IST" duration-ms="20806" status="PASS">
          <reporter-output>
          </reporter-output>
        </test-method> <!-- companyFail -->
        <test-method is-config="true" signature="teardown()[pri:0, instance:datadriven.FreeCRM@75329a49]" started-at="2020-11-30T18:28:29 IST" name="teardown" finished-at="2020-11-30T18:28:29 IST" duration-ms="63" status="PASS">
          <reporter-output>
          </reporter-output>
        </test-method> <!-- teardown -->
        <test-method is-config="true" signature="setup()[pri:0, instance:datadriven.FreeCRM@75329a49]" started-at="2020-11-30T18:28:29 IST" name="setup" finished-at="2020-11-30T18:28:32 IST" duration-ms="3026" status="PASS">
          <reporter-output>
          </reporter-output>
        </test-method> <!-- setup -->
        <test-method signature="contact()[pri:7, instance:datadriven.FreeCRM@75329a49]" started-at="2020-11-30T18:28:32 IST" name="contact" finished-at="2020-11-30T18:28:57 IST" duration-ms="24910" status="PASS">
          <reporter-output>
          </reporter-output>
        </test-method> <!-- contact -->
        <test-method is-config="true" signature="teardown()[pri:0, instance:datadriven.FreeCRM@75329a49]" started-at="2020-11-30T18:28:57 IST" name="teardown" finished-at="2020-11-30T18:28:57 IST" duration-ms="71" status="PASS">
          <reporter-output>
          </reporter-output>
        </test-method> <!-- teardown -->
        <test-method is-config="true" signature="setup()[pri:0, instance:datadriven.FreeCRM@75329a49]" started-at="2020-11-30T18:28:57 IST" name="setup" finished-at="2020-11-30T18:29:00 IST" duration-ms="3020" status="PASS">
          <reporter-output>
          </reporter-output>
        </test-method> <!-- setup -->
        <test-method signature="loginFail()[pri:8, instance:datadriven.FreeCRM@75329a49]" started-at="2020-11-30T18:29:00 IST" name="loginFail" finished-at="2020-11-30T18:29:12 IST" duration-ms="12268" status="PASS">
          <reporter-output>
          </reporter-output>
        </test-method> <!-- loginFail -->
        <test-method is-config="true" signature="teardown()[pri:0, instance:datadriven.FreeCRM@75329a49]" started-at="2020-11-30T18:29:12 IST" name="teardown" finished-at="2020-11-30T18:29:12 IST" duration-ms="56" status="PASS">
          <reporter-output>
          </reporter-output>
        </test-method> <!-- teardown -->
      </class> <!-- datadriven.FreeCRM -->
    </test> <!-- Default test -->
  </suite> <!-- Default suite -->
</testng-results>
