<?xml version="1.0" encoding="UTF-8"?>
<!-- Generated by org.testng.reporters.JUnitXMLReporter -->
<testsuite ignored="0" hostname="LAPTOP-678OGQJ2" failures="0" tests="15" name="Default test" time="354.561" errors="0" timestamp="2020-11-30T18:29:12 IST">
  <testcase classname="datadriven.FreeCRM" name="contactFail" time="21.751"/>
  <testcase classname="datadriven.FreeCRM" name="contactFail" time="22.084"/>
  <testcase classname="datadriven.FreeCRM" name="contactFail" time="21.14"/>
  <testcase classname="datadriven.FreeCRM" name="loginFun" time="17.884"/>
  <testcase classname="datadriven.FreeCRM" name="loginFun" time="20.045"/>
  <testcase classname="datadriven.FreeCRM" name="loginFun" time="23.208"/>
  <testcase classname="datadriven.FreeCRM" name="loginFun" time="16.149"/>
  <testcase classname="datadriven.FreeCRM" name="deals" time="21.975"/>
  <testcase classname="datadriven.FreeCRM" name="dealsFail" time="20.179"/>
  <testcase classname="datadriven.FreeCRM" name="tasks" time="20.902"/>
  <testcase classname="datadriven.FreeCRM" name="tasksFail" time="20.821"/>
  <testcase classname="datadriven.FreeCRM" name="company" time="22.726"/>
  <testcase classname="datadriven.FreeCRM" name="companyFail" time="20.806"/>
  <testcase classname="datadriven.FreeCRM" name="contact" time="24.91"/>
  <testcase classname="datadriven.FreeCRM" name="loginFail" time="12.268"/>
</testsuite> <!-- Default test -->
